<?xml version="1.0" encoding="UTF-8"?>
<!-- Generated by org.testng.reporters.JUnitReportReporter -->
<testsuite hostname="LAPTOP-6JAL3NBB" failures="0" tests="5" name="studentapi.test.StudentTests" time="3.762" errors="0" timestamp="2024-03-15T13:18:20 IST" skipped="0">
  <testcase classname="studentapi.test.StudentTests" name="testPostStudent" time="3.074"/>
  <system-out/>
  <testcase classname="studentapi.test.StudentTests" name="testGetStudent" time="0.353"/>
  <system-out/>
  <testcase classname="studentapi.test.StudentTests" name="testGetStudentById" time="0.185"/>
  <system-out/>
  <testcase classname="studentapi.test.StudentTests" name="testUpdateStudent" time="0.058"/>
  <system-out/>
  <testcase classname="studentapi.test.StudentTests" name="testDeleteStudent" time="0.092"/>
  <system-out/>
</testsuite> <!-- studentapi.test.StudentTests -->
